<?xml version="1.0" encoding="UTF-8"?>
<testng-results skipped="0" failed="0" ignored="0" total="1" passed="1">
  <reporter-output>
  </reporter-output>
  <suite name="Default suite" duration-ms="2402" started-at="2019-12-11T11:09:17Z" finished-at="2019-12-11T11:09:19Z">
    <groups>
    </groups>
    <test name="Default test" duration-ms="2402" started-at="2019-12-11T11:09:17Z" finished-at="2019-12-11T11:09:19Z">
      <class name="com.qa.Resttestcases.PutAPITest">
        <test-method status="PASS" signature="setUp()[pri:0, instance:com.qa.Resttestcases.PutAPITest@1aeed2f]" name="setUp" is-config="true" duration-ms="20" started-at="2019-12-11T11:09:17Z" finished-at="2019-12-11T11:09:17Z">
          <reporter-output>
          </reporter-output>
        </test-method> <!-- setUp -->
        <test-method status="PASS" signature="putApiTest()[pri:0, instance:com.qa.Resttestcases.PutAPITest@1aeed2f]" name="putApiTest" duration-ms="2342" started-at="2019-12-11T11:09:17Z" finished-at="2019-12-11T11:09:19Z">
          <reporter-output>
          </reporter-output>
        </test-method> <!-- putApiTest -->
      </class> <!-- com.qa.Resttestcases.PutAPITest -->
    </test> <!-- Default test -->
  </suite> <!-- Default suite -->
</testng-results>
